<?xml version="1.0" encoding="UTF-8"?>
<!-- Generated by org.testng.reporters.JUnitReportReporter -->
<testsuite hostname="DAZZLER" failures="0" tests="1" name="Functional_TestingCase.Automation_Test02" time="13.932" errors="0" timestamp="2023-06-18T13:59:51 IST" skipped="0">
  <testcase classname="Functional_TestingCase.Automation_Test02" name="Order" time="13.932"/>
  <system-out/>
</testsuite> <!-- Functional_TestingCase.Automation_Test02 -->
