<?xml version="1.0" encoding="UTF-8"?>
<!-- Generated by org.testng.reporters.JUnitReportReporter -->
<testsuite hostname="DAZZLER" failures="0" tests="1" name="AutomationUI1.Automation1" time="20.247" errors="0" timestamp="2023-06-18T12:35:17 IST" skipped="0">
  <testcase classname="AutomationUI1.Automation1" name="m1" time="20.247"/>
  <system-out/>
</testsuite> <!-- AutomationUI1.Automation1 -->
