<?xml version="1.0" encoding="UTF-8"?>
<!-- Generated by org.testng.reporters.JUnitReportReporter -->
<testsuite hostname="DAZZLER" failures="0" tests="1" name="Functional_Testing_Case.Automation_Test02" time="11.955" errors="0" timestamp="2023-06-18T15:16:20 IST" skipped="0">
  <testcase classname="Functional_Testing_Case.Automation_Test02" name="Order" time="11.955"/>
  <system-out/>
</testsuite> <!-- Functional_Testing_Case.Automation_Test02 -->
