<?xml version="1.0" encoding="UTF-8"?>
<!-- Generated by org.testng.reporters.JUnitReportReporter -->
<testsuite hostname="DAZZLER" failures="0" tests="3" name="UI_Testing.AutomationUI1" time="227.994" errors="0" timestamp="2023-06-18T15:39:24 IST" skipped="0">
  <testcase classname="UI_Testing.AutomationUI1" name="test" time="76.175"/>
  <system-out/>
  <testcase classname="UI_Testing.AutomationUI1" name="test" time="73.612"/>
  <system-out/>
  <testcase classname="UI_Testing.AutomationUI1" name="test" time="78.207"/>
  <system-out/>
</testsuite> <!-- UI_Testing.AutomationUI1 -->
