<?xml version="1.0" encoding="UTF-8"?>
<!-- Generated by org.testng.reporters.JUnitReportReporter -->
<testsuite hostname="DAZZLER" failures="0" tests="1" name="UI_Testing.AutomationUI5" time="87.715" errors="0" timestamp="2023-06-18T15:47:14 IST" skipped="0">
  <testcase classname="UI_Testing.AutomationUI5" name="test" time="87.715"/>
  <system-out/>
</testsuite> <!-- UI_Testing.AutomationUI5 -->
