<?xml version="1.0" encoding="UTF-8"?>
<!-- Generated by org.testng.reporters.JUnitReportReporter -->
<testsuite hostname="DAZZLER" failures="0" tests="1" name="UI_Testing.AutomationUI3" time="100.414" errors="0" timestamp="2023-06-18T15:43:13 IST" skipped="0">
  <testcase classname="UI_Testing.AutomationUI3" name="test" time="100.414"/>
  <system-out/>
</testsuite> <!-- UI_Testing.AutomationUI3 -->
