<?xml version="1.0" encoding="UTF-8"?>
<!-- Generated by org.testng.reporters.JUnitReportReporter -->
<testsuite hostname="DAZZLER" failures="0" tests="1" name="AutomationUI1.AutomationFunctionalTesting" time="12.979" errors="0" timestamp="2023-06-18T13:50:10 IST" skipped="0">
  <testcase classname="AutomationUI1.AutomationFunctionalTesting" name="Order" time="12.979"/>
  <system-out/>
</testsuite> <!-- AutomationUI1.AutomationFunctionalTesting -->
